# Logfile created on 2024-05-06 12:19:23 -0400 by logger.rb/v1.5.3
2024/05/06 12:19|| Before insert records:
2024/05/06 12:19||  - Total Cases: 7
2024/05/06 12:19||  - Total Families: 0
2024/05/06 12:19|| Creating 10 cases
2024/05/06 12:19|| Case record c3be970 saved!
2024/05/06 12:19|| Family member Case - 4f46788 saved!
2024/05/06 12:19|| Family member Case - 3ddefcb saved!
2024/05/06 12:19|| Case record 520a712 saved!
2024/05/06 12:19|| Family member Case - 3887ec9 saved!
2024/05/06 12:19|| Family member Case - 7a9dcc0 saved!
2024/05/06 12:19|| Case record dbbd667 saved!
2024/05/06 12:19|| Family member Case - 661c706 saved!
2024/05/06 12:19|| Family member Case - 4d31bf3 saved!
2024/05/06 12:19|| Case record 2400283 saved!
2024/05/06 12:19|| Family member Case - 4b6f025 saved!
2024/05/06 12:19|| Family member Case - c4809c7 saved!
2024/05/06 12:19|| Case record 22352a4 saved!
2024/05/06 12:19|| Family member Case - deae07d saved!
2024/05/06 12:19|| Family member Case - aa6b4fb saved!
2024/05/06 12:19|| Case record 1ac7b28 saved!
2024/05/06 12:19|| Family member Case - 8f49142 saved!
2024/05/06 12:19|| Family member Case - 5ff51c2 saved!
2024/05/06 12:19|| Case record 3428111 saved!
2024/05/06 12:19|| Family member Case - 13ac522 saved!
2024/05/06 12:19|| Family member Case - 08a2467 saved!
2024/05/06 12:19|| Case record fc639c2 saved!
2024/05/06 12:19|| Family member Case - 81dc9b1 saved!
2024/05/06 12:19|| Family member Case - 9c97505 saved!
2024/05/06 12:19|| Case record 2f7bb52 saved!
2024/05/06 12:19|| Family member Case - b8af871 saved!
2024/05/06 12:19|| Family member Case - a3a8531 saved!
2024/05/06 12:19|| Case record a135e87 saved!
2024/05/06 12:19|| Family member Case - 8f62ff7 saved!
2024/05/06 12:19|| Family member Case - f3b28ae saved!
2024/05/06 12:19|| After insert records:
2024/05/06 12:19||  - Total Cases: 37
2024/05/06 12:19||  - Total Families: 10
